{"level":"info","message":"::1 - - [23/Dec/2025:16:34:11 +0000] \"GET / HTTP/1.1\" 404 139 \"-\" \"Mozilla/5.0 (X11; Linux x86_64) AppleWebKit/537.36 (KHTML, like Gecko) Chrome/143.0.0.0 Safari/537.36\"","service":"user-service"}
{"level":"info","message":"::1 - - [23/Dec/2025:16:34:12 +0000] \"GET / HTTP/1.1\" 404 139 \"-\" \"Mozilla/5.0 (X11; Linux x86_64) AppleWebKit/537.36 (KHTML, like Gecko) Chrome/143.0.0.0 Safari/537.36\"","service":"user-service"}
{"level":"info","message":"::1 - - [23/Dec/2025:16:34:15 +0000] \"GET /api HTTP/1.1\" 200 32 \"-\" \"Mozilla/5.0 (X11; Linux x86_64) AppleWebKit/537.36 (KHTML, like Gecko) Chrome/143.0.0.0 Safari/537.36\"","service":"user-service"}
{"level":"info","message":"::1 - - [23/Dec/2025:16:34:15 +0000] \"GET /favicon.ico HTTP/1.1\" 404 150 \"-\" \"Mozilla/5.0 (X11; Linux x86_64) AppleWebKit/537.36 (KHTML, like Gecko) Chrome/143.0.0.0 Safari/537.36\"","service":"user-service"}
{"level":"info","message":"::1 - - [23/Dec/2025:17:05:56 +0000] \"GET / HTTP/1.1\" 404 139 \"-\" \"Mozilla/5.0 (X11; Linux x86_64) AppleWebKit/537.36 (KHTML, like Gecko) Chrome/143.0.0.0 Safari/537.36\"","service":"user-service"}
{"level":"info","message":"::1 - - [23/Dec/2025:17:05:56 +0000] \"GET / HTTP/1.1\" 404 139 \"-\" \"Mozilla/5.0 (X11; Linux x86_64) AppleWebKit/537.36 (KHTML, like Gecko) Chrome/143.0.0.0 Safari/537.36\"","service":"user-service"}
{"level":"info","message":"::1 - - [23/Dec/2025:17:05:59 +0000] \"GET /api HTTP/1.1\" 304 - \"-\" \"Mozilla/5.0 (X11; Linux x86_64) AppleWebKit/537.36 (KHTML, like Gecko) Chrome/143.0.0.0 Safari/537.36\"","service":"user-service"}
{"level":"info","message":"::1 - - [23/Dec/2025:17:09:27 +0000] \"GET / HTTP/1.1\" 404 139 \"-\" \"Mozilla/5.0 (X11; Linux x86_64) AppleWebKit/537.36 (KHTML, like Gecko) Chrome/143.0.0.0 Safari/537.36\"","service":"user-service"}
{"level":"info","message":"::1 - - [23/Dec/2025:17:34:40 +0000] \"GET / HTTP/1.1\" 404 139 \"-\" \"Mozilla/5.0 (X11; Linux x86_64) AppleWebKit/537.36 (KHTML, like Gecko) Chrome/143.0.0.0 Safari/537.36\"","service":"user-service"}
{"level":"info","message":"::1 - - [23/Dec/2025:17:34:45 +0000] \"GET /api HTTP/1.1\" 304 - \"-\" \"Mozilla/5.0 (X11; Linux x86_64) AppleWebKit/537.36 (KHTML, like Gecko) Chrome/143.0.0.0 Safari/537.36\"","service":"user-service"}
{"level":"info","message":"::1 - - [23/Dec/2025:18:21:11 +0000] \"GET /health HTTP/1.1\" 200 75 \"-\" \"-\"","service":"user-service"}
{"level":"info","message":"::ffff:192.168.65.1 - - [23/Dec/2025:18:21:36 +0000] \"GET / HTTP/1.1\" 404 139 \"-\" \"Mozilla/5.0 (X11; Linux x86_64) AppleWebKit/537.36 (KHTML, like Gecko) Chrome/143.0.0.0 Safari/537.36\"","service":"user-service"}
{"level":"info","message":"::1 - - [23/Dec/2025:18:21:41 +0000] \"GET /health HTTP/1.1\" 200 76 \"-\" \"-\"","service":"user-service"}
{"level":"info","message":"::ffff:192.168.65.1 - - [23/Dec/2025:18:21:47 +0000] \"GET /api HTTP/1.1\" 304 - \"-\" \"Mozilla/5.0 (X11; Linux x86_64) AppleWebKit/537.36 (KHTML, like Gecko) Chrome/143.0.0.0 Safari/537.36\"","service":"user-service"}
{"level":"info","message":"::1 - - [23/Dec/2025:18:22:11 +0000] \"GET /health HTTP/1.1\" 200 76 \"-\" \"-\"","service":"user-service"}
{"level":"info","message":"::1 - - [23/Dec/2025:18:22:41 +0000] \"GET /health HTTP/1.1\" 200 76 \"-\" \"-\"","service":"user-service"}
{"level":"info","message":"::1 - - [23/Dec/2025:18:23:11 +0000] \"GET /health HTTP/1.1\" 200 77 \"-\" \"-\"","service":"user-service"}
{"level":"info","message":"::1 - - [23/Dec/2025:18:23:42 +0000] \"GET /health HTTP/1.1\" 200 77 \"-\" \"-\"","service":"user-service"}
{"level":"info","message":"::1 - - [23/Dec/2025:18:24:12 +0000] \"GET /health HTTP/1.1\" 200 77 \"-\" \"-\"","service":"user-service"}
{"level":"info","message":"::1 - - [23/Dec/2025:18:24:42 +0000] \"GET /health HTTP/1.1\" 200 77 \"-\" \"-\"","service":"user-service"}
{"level":"info","message":"::1 - - [23/Dec/2025:18:25:12 +0000] \"GET /health HTTP/1.1\" 200 77 \"-\" \"-\"","service":"user-service"}
{"level":"info","message":"::1 - - [23/Dec/2025:18:25:42 +0000] \"GET /health HTTP/1.1\" 200 77 \"-\" \"-\"","service":"user-service"}
{"level":"info","message":"::1 - - [23/Dec/2025:18:26:12 +0000] \"GET /health HTTP/1.1\" 200 77 \"-\" \"-\"","service":"user-service"}
{"level":"info","message":"::1 - - [23/Dec/2025:18:26:42 +0000] \"GET /health HTTP/1.1\" 200 77 \"-\" \"-\"","service":"user-service"}
{"level":"info","message":"::1 - - [23/Dec/2025:18:27:12 +0000] \"GET /health HTTP/1.1\" 200 77 \"-\" \"-\"","service":"user-service"}
{"level":"info","message":"::1 - - [23/Dec/2025:19:02:24 +0000] \"GET /api/signup HTTP/1.1\" 404 149 \"-\" \"PostmanRuntime/7.51.0\"","service":"user-service"}
{"level":"info","message":"::1 - - [23/Dec/2025:19:02:30 +0000] \"POST /api/signup HTTP/1.1\" 404 150 \"-\" \"PostmanRuntime/7.51.0\"","service":"user-service"}
{"level":"info","message":"::1 - - [23/Dec/2025:19:03:01 +0000] \"POST /api/auth/signup HTTP/1.1\" 400 248 \"-\" \"PostmanRuntime/7.51.0\"","service":"user-service"}
{"level":"error","message":"error creating the user Cannot convert undefined or null to object","service":"user-service","stack":"TypeError: Cannot convert undefined or null to object\n    at Object.entries (<anonymous>)\n    at orderSelectedFields (file:///home/alexr/Desktop/coding-projects/jade-intimo/backend/node_modules/drizzle-orm/utils.js:55:17)\n    at file:///home/alexr/Desktop/coding-projects/jade-intimo/backend/node_modules/drizzle-orm/utils.js:65:22\n    at Array.reduce (<anonymous>)\n    at orderSelectedFields (file:///home/alexr/Desktop/coding-projects/jade-intimo/backend/node_modules/drizzle-orm/utils.js:55:33)\n    at QueryPromise.returning (file:///home/alexr/Desktop/coding-projects/jade-intimo/backend/node_modules/drizzle-orm/pg-core/query-builders/insert.js:75:29)\n    at createUser (file:///home/alexr/Desktop/coding-projects/jade-intimo/backend/src/services/auth.service.js:27:14)\n    at async signupController (file:///home/alexr/Desktop/coding-projects/jade-intimo/backend/src/controllers/auth.controller.js:21:20)"}
{"level":"error","message":"Login error Cannot convert undefined or null to object","service":"user-service","stack":"TypeError: Cannot convert undefined or null to object\n    at Object.entries (<anonymous>)\n    at orderSelectedFields (file:///home/alexr/Desktop/coding-projects/jade-intimo/backend/node_modules/drizzle-orm/utils.js:55:17)\n    at file:///home/alexr/Desktop/coding-projects/jade-intimo/backend/node_modules/drizzle-orm/utils.js:65:22\n    at Array.reduce (<anonymous>)\n    at orderSelectedFields (file:///home/alexr/Desktop/coding-projects/jade-intimo/backend/node_modules/drizzle-orm/utils.js:55:33)\n    at QueryPromise.returning (file:///home/alexr/Desktop/coding-projects/jade-intimo/backend/node_modules/drizzle-orm/pg-core/query-builders/insert.js:75:29)\n    at createUser (file:///home/alexr/Desktop/coding-projects/jade-intimo/backend/src/services/auth.service.js:27:14)\n    at async signupController (file:///home/alexr/Desktop/coding-projects/jade-intimo/backend/src/controllers/auth.controller.js:21:20)"}
{"level":"info","message":"::1 - - [23/Dec/2025:19:04:29 +0000] \"POST /api/auth/signup HTTP/1.1\" 500 148 \"-\" \"PostmanRuntime/7.51.0\"","service":"user-service"}
{"level":"error","message":"error creating the user Cannot convert undefined or null to object","service":"user-service","stack":"TypeError: Cannot convert undefined or null to object\n    at Object.entries (<anonymous>)\n    at orderSelectedFields (file:///home/alexr/Desktop/coding-projects/jade-intimo/backend/node_modules/drizzle-orm/utils.js:55:17)\n    at file:///home/alexr/Desktop/coding-projects/jade-intimo/backend/node_modules/drizzle-orm/utils.js:65:22\n    at Array.reduce (<anonymous>)\n    at orderSelectedFields (file:///home/alexr/Desktop/coding-projects/jade-intimo/backend/node_modules/drizzle-orm/utils.js:55:33)\n    at QueryPromise.returning (file:///home/alexr/Desktop/coding-projects/jade-intimo/backend/node_modules/drizzle-orm/pg-core/query-builders/insert.js:75:29)\n    at createUser (file:///home/alexr/Desktop/coding-projects/jade-intimo/backend/src/services/auth.service.js:27:14)\n    at async signupController (file:///home/alexr/Desktop/coding-projects/jade-intimo/backend/src/controllers/auth.controller.js:21:20)"}
{"level":"error","message":"Login error Cannot convert undefined or null to object","service":"user-service","stack":"TypeError: Cannot convert undefined or null to object\n    at Object.entries (<anonymous>)\n    at orderSelectedFields (file:///home/alexr/Desktop/coding-projects/jade-intimo/backend/node_modules/drizzle-orm/utils.js:55:17)\n    at file:///home/alexr/Desktop/coding-projects/jade-intimo/backend/node_modules/drizzle-orm/utils.js:65:22\n    at Array.reduce (<anonymous>)\n    at orderSelectedFields (file:///home/alexr/Desktop/coding-projects/jade-intimo/backend/node_modules/drizzle-orm/utils.js:55:33)\n    at QueryPromise.returning (file:///home/alexr/Desktop/coding-projects/jade-intimo/backend/node_modules/drizzle-orm/pg-core/query-builders/insert.js:75:29)\n    at createUser (file:///home/alexr/Desktop/coding-projects/jade-intimo/backend/src/services/auth.service.js:27:14)\n    at async signupController (file:///home/alexr/Desktop/coding-projects/jade-intimo/backend/src/controllers/auth.controller.js:21:20)"}
{"level":"info","message":"::1 - - [23/Dec/2025:19:05:23 +0000] \"POST /api/auth/signup HTTP/1.1\" 500 148 \"-\" \"PostmanRuntime/7.51.0\"","service":"user-service"}
{"level":"info","message":"user alexr@example.com created successfully","service":"user-service"}
{"level":"info","message":"user registered successfully:","service":"user-service"}
{"level":"info","message":"::1 - - [23/Dec/2025:19:08:19 +0000] \"POST /api/auth/signup HTTP/1.1\" 201 152 \"-\" \"PostmanRuntime/7.51.0\"","service":"user-service"}
{"level":"error","message":"error creating the user user already exists","service":"user-service","stack":"Error: user already exists\n    at createUser (file:///home/alexr/Desktop/coding-projects/jade-intimo/backend/src/services/auth.service.js:21:19)\n    at process.processTicksAndRejections (node:internal/process/task_queues:103:5)\n    at async signupController (file:///home/alexr/Desktop/coding-projects/jade-intimo/backend/src/controllers/auth.controller.js:21:20)"}
{"level":"error","message":"Signup error user already exists","service":"user-service","stack":"Error: user already exists\n    at createUser (file:///home/alexr/Desktop/coding-projects/jade-intimo/backend/src/services/auth.service.js:21:19)\n    at process.processTicksAndRejections (node:internal/process/task_queues:103:5)\n    at async signupController (file:///home/alexr/Desktop/coding-projects/jade-intimo/backend/src/controllers/auth.controller.js:21:20)"}
{"level":"info","message":"::1 - - [23/Dec/2025:19:34:56 +0000] \"POST /api/auth/signup HTTP/1.1\" 500 33 \"-\" \"PostmanRuntime/7.51.0\"","service":"user-service"}
{"level":"info","message":"user alex555@example.com created successfully","service":"user-service"}
{"level":"info","message":"user registered successfully:","service":"user-service"}
{"level":"info","message":"::1 - - [23/Dec/2025:19:35:05 +0000] \"POST /api/auth/signup HTTP/1.1\" 201 154 \"-\" \"PostmanRuntime/7.51.0\"","service":"user-service"}
{"level":"info","message":"user logged in:","service":"user-service"}
{"level":"info","message":"::1 - - [23/Dec/2025:19:36:10 +0000] \"POST /api/auth/login HTTP/1.1\" 200 148 \"-\" \"PostmanRuntime/7.51.0\"","service":"user-service"}
{"level":"info","message":"User authenticated: alex555@example.com (user)","service":"user-service"}
{"level":"info","message":"User signed out successfully","service":"user-service"}
{"level":"info","message":"::1 - - [23/Dec/2025:19:37:29 +0000] \"POST /api/auth/logout HTTP/1.1\" 200 24 \"-\" \"PostmanRuntime/7.51.0\"","service":"user-service"}
{"level":"info","message":"user logged in:","service":"user-service"}
{"level":"info","message":"::1 - - [23/Dec/2025:19:37:39 +0000] \"POST /api/auth/login HTTP/1.1\" 200 148 \"-\" \"PostmanRuntime/7.51.0\"","service":"user-service"}
{"level":"info","message":"User authenticated: alex555@example.com (user)","service":"user-service"}
{"level":"info","message":"User signed out successfully","service":"user-service"}
{"level":"info","message":"::1 - - [23/Dec/2025:19:37:43 +0000] \"POST /api/auth/logout HTTP/1.1\" 200 24 \"-\" \"PostmanRuntime/7.51.0\"","service":"user-service"}
{"level":"error","message":"failed to authenticate token jwt malformed","name":"JsonWebTokenError","service":"user-service","stack":"JsonWebTokenError: jwt malformed\n    at module.exports [as verify] (/home/alexr/Desktop/coding-projects/jade-intimo/backend/node_modules/jsonwebtoken/verify.js:70:17)\n    at Object.verify (file:///home/alexr/Desktop/coding-projects/jade-intimo/backend/src/utils/jwt.js:18:24)\n    at authenticateToken (file:///home/alexr/Desktop/coding-projects/jade-intimo/backend/src/middleware/auth.middleware.js:15:30)\n    at Layer.handleRequest (/home/alexr/Desktop/coding-projects/jade-intimo/backend/node_modules/router/lib/layer.js:152:17)\n    at next (/home/alexr/Desktop/coding-projects/jade-intimo/backend/node_modules/router/lib/route.js:157:13)\n    at Route.dispatch (/home/alexr/Desktop/coding-projects/jade-intimo/backend/node_modules/router/lib/route.js:117:3)\n    at handle (/home/alexr/Desktop/coding-projects/jade-intimo/backend/node_modules/router/index.js:435:11)\n    at Layer.handleRequest (/home/alexr/Desktop/coding-projects/jade-intimo/backend/node_modules/router/lib/layer.js:152:17)\n    at /home/alexr/Desktop/coding-projects/jade-intimo/backend/node_modules/router/index.js:295:15\n    at processParams (/home/alexr/Desktop/coding-projects/jade-intimo/backend/node_modules/router/index.js:582:12)"}
{"level":"error","message":"Authentication error: failed to authenticate token","service":"user-service","stack":"Error: failed to authenticate token\n    at Object.verify (file:///home/alexr/Desktop/coding-projects/jade-intimo/backend/src/utils/jwt.js:21:19)\n    at authenticateToken (file:///home/alexr/Desktop/coding-projects/jade-intimo/backend/src/middleware/auth.middleware.js:15:30)\n    at Layer.handleRequest (/home/alexr/Desktop/coding-projects/jade-intimo/backend/node_modules/router/lib/layer.js:152:17)\n    at next (/home/alexr/Desktop/coding-projects/jade-intimo/backend/node_modules/router/lib/route.js:157:13)\n    at Route.dispatch (/home/alexr/Desktop/coding-projects/jade-intimo/backend/node_modules/router/lib/route.js:117:3)\n    at handle (/home/alexr/Desktop/coding-projects/jade-intimo/backend/node_modules/router/index.js:435:11)\n    at Layer.handleRequest (/home/alexr/Desktop/coding-projects/jade-intimo/backend/node_modules/router/lib/layer.js:152:17)\n    at /home/alexr/Desktop/coding-projects/jade-intimo/backend/node_modules/router/index.js:295:15\n    at processParams (/home/alexr/Desktop/coding-projects/jade-intimo/backend/node_modules/router/index.js:582:12)\n    at next (/home/alexr/Desktop/coding-projects/jade-intimo/backend/node_modules/router/index.js:291:5)"}
{"level":"info","message":"::1 - - [23/Dec/2025:19:37:52 +0000] \"POST /api/auth/logout HTTP/1.1\" 500 73 \"-\" \"PostmanRuntime/7.51.0\"","service":"user-service"}
{"level":"info","message":"user logged in:","service":"user-service"}
{"level":"info","message":"::1 - - [23/Dec/2025:19:37:56 +0000] \"POST /api/auth/login HTTP/1.1\" 200 148 \"-\" \"PostmanRuntime/7.51.0\"","service":"user-service"}
{"level":"error","message":"failed to authenticate token jwt malformed","name":"JsonWebTokenError","service":"user-service","stack":"JsonWebTokenError: jwt malformed\n    at module.exports [as verify] (/home/alexr/Desktop/coding-projects/jade-intimo/backend/node_modules/jsonwebtoken/verify.js:70:17)\n    at Object.verify (file:///home/alexr/Desktop/coding-projects/jade-intimo/backend/src/utils/jwt.js:18:24)\n    at authenticateToken (file:///home/alexr/Desktop/coding-projects/jade-intimo/backend/src/middleware/auth.middleware.js:15:30)\n    at Layer.handleRequest (/home/alexr/Desktop/coding-projects/jade-intimo/backend/node_modules/router/lib/layer.js:152:17)\n    at next (/home/alexr/Desktop/coding-projects/jade-intimo/backend/node_modules/router/lib/route.js:157:13)\n    at Route.dispatch (/home/alexr/Desktop/coding-projects/jade-intimo/backend/node_modules/router/lib/route.js:117:3)\n    at handle (/home/alexr/Desktop/coding-projects/jade-intimo/backend/node_modules/router/index.js:435:11)\n    at Layer.handleRequest (/home/alexr/Desktop/coding-projects/jade-intimo/backend/node_modules/router/lib/layer.js:152:17)\n    at /home/alexr/Desktop/coding-projects/jade-intimo/backend/node_modules/router/index.js:295:15\n    at processParams (/home/alexr/Desktop/coding-projects/jade-intimo/backend/node_modules/router/index.js:582:12)"}
{"level":"error","message":"Authentication error: failed to authenticate token","service":"user-service","stack":"Error: failed to authenticate token\n    at Object.verify (file:///home/alexr/Desktop/coding-projects/jade-intimo/backend/src/utils/jwt.js:21:19)\n    at authenticateToken (file:///home/alexr/Desktop/coding-projects/jade-intimo/backend/src/middleware/auth.middleware.js:15:30)\n    at Layer.handleRequest (/home/alexr/Desktop/coding-projects/jade-intimo/backend/node_modules/router/lib/layer.js:152:17)\n    at next (/home/alexr/Desktop/coding-projects/jade-intimo/backend/node_modules/router/lib/route.js:157:13)\n    at Route.dispatch (/home/alexr/Desktop/coding-projects/jade-intimo/backend/node_modules/router/lib/route.js:117:3)\n    at handle (/home/alexr/Desktop/coding-projects/jade-intimo/backend/node_modules/router/index.js:435:11)\n    at Layer.handleRequest (/home/alexr/Desktop/coding-projects/jade-intimo/backend/node_modules/router/lib/layer.js:152:17)\n    at /home/alexr/Desktop/coding-projects/jade-intimo/backend/node_modules/router/index.js:295:15\n    at processParams (/home/alexr/Desktop/coding-projects/jade-intimo/backend/node_modules/router/index.js:582:12)\n    at next (/home/alexr/Desktop/coding-projects/jade-intimo/backend/node_modules/router/index.js:291:5)"}
{"level":"info","message":"::1 - - [23/Dec/2025:19:37:58 +0000] \"POST /api/auth/logout HTTP/1.1\" 500 73 \"-\" \"PostmanRuntime/7.51.0\"","service":"user-service"}
{"level":"info","message":"User authenticated: alex555@example.com (user)","service":"user-service"}
{"level":"info","message":"User signed out successfully","service":"user-service"}
{"level":"info","message":"::1 - - [23/Dec/2025:19:38:02 +0000] \"POST /api/auth/logout HTTP/1.1\" 200 24 \"-\" \"PostmanRuntime/7.51.0\"","service":"user-service"}
{"level":"info","message":"::1 - - [23/Dec/2025:19:41:57 +0000] \"PUT /api/auth/updateData HTTP/1.1\" 401 72 \"-\" \"PostmanRuntime/7.51.0\"","service":"user-service"}
{"level":"info","message":"user logged in:","service":"user-service"}
{"level":"info","message":"::1 - - [23/Dec/2025:19:42:03 +0000] \"POST /api/auth/login HTTP/1.1\" 200 148 \"-\" \"PostmanRuntime/7.51.0\"","service":"user-service"}
{"level":"info","message":"User authenticated: alex555@example.com (user)","service":"user-service"}
{"level":"error","message":"Update error token is not defined","service":"user-service","stack":"ReferenceError: token is not defined\n    at updateDataController (file:///home/alexr/Desktop/coding-projects/jade-intimo/backend/src/controllers/auth.controller.js:92:41)\n    at Layer.handleRequest (/home/alexr/Desktop/coding-projects/jade-intimo/backend/node_modules/router/lib/layer.js:152:17)\n    at next (/home/alexr/Desktop/coding-projects/jade-intimo/backend/node_modules/router/lib/route.js:157:13)\n    at authenticateToken (file:///home/alexr/Desktop/coding-projects/jade-intimo/backend/src/middleware/auth.middleware.js:19:5)\n    at Layer.handleRequest (/home/alexr/Desktop/coding-projects/jade-intimo/backend/node_modules/router/lib/layer.js:152:17)\n    at next (/home/alexr/Desktop/coding-projects/jade-intimo/backend/node_modules/router/lib/route.js:157:13)\n    at Route.dispatch (/home/alexr/Desktop/coding-projects/jade-intimo/backend/node_modules/router/lib/route.js:117:3)\n    at handle (/home/alexr/Desktop/coding-projects/jade-intimo/backend/node_modules/router/index.js:435:11)\n    at Layer.handleRequest (/home/alexr/Desktop/coding-projects/jade-intimo/backend/node_modules/router/lib/layer.js:152:17)\n    at /home/alexr/Desktop/coding-projects/jade-intimo/backend/node_modules/router/index.js:295:15"}
{"level":"info","message":"::1 - - [23/Dec/2025:19:42:05 +0000] \"PUT /api/auth/updateData HTTP/1.1\" 500 33 \"-\" \"PostmanRuntime/7.51.0\"","service":"user-service"}
{"level":"info","message":"User authenticated: alex555@example.com (user)","service":"user-service"}
{"level":"error","message":"Update error token is not defined","service":"user-service","stack":"ReferenceError: token is not defined\n    at updateDataController (file:///home/alexr/Desktop/coding-projects/jade-intimo/backend/src/controllers/auth.controller.js:92:41)\n    at Layer.handleRequest (/home/alexr/Desktop/coding-projects/jade-intimo/backend/node_modules/router/lib/layer.js:152:17)\n    at next (/home/alexr/Desktop/coding-projects/jade-intimo/backend/node_modules/router/lib/route.js:157:13)\n    at authenticateToken (file:///home/alexr/Desktop/coding-projects/jade-intimo/backend/src/middleware/auth.middleware.js:19:5)\n    at Layer.handleRequest (/home/alexr/Desktop/coding-projects/jade-intimo/backend/node_modules/router/lib/layer.js:152:17)\n    at next (/home/alexr/Desktop/coding-projects/jade-intimo/backend/node_modules/router/lib/route.js:157:13)\n    at Route.dispatch (/home/alexr/Desktop/coding-projects/jade-intimo/backend/node_modules/router/lib/route.js:117:3)\n    at handle (/home/alexr/Desktop/coding-projects/jade-intimo/backend/node_modules/router/index.js:435:11)\n    at Layer.handleRequest (/home/alexr/Desktop/coding-projects/jade-intimo/backend/node_modules/router/lib/layer.js:152:17)\n    at /home/alexr/Desktop/coding-projects/jade-intimo/backend/node_modules/router/index.js:295:15"}
{"level":"info","message":"::1 - - [23/Dec/2025:19:43:37 +0000] \"PUT /api/auth/updateData HTTP/1.1\" 500 33 \"-\" \"PostmanRuntime/7.51.0\"","service":"user-service"}
{"level":"info","message":"user logged in:","service":"user-service"}
{"level":"info","message":"::1 - - [23/Dec/2025:19:43:46 +0000] \"POST /api/auth/login HTTP/1.1\" 200 148 \"-\" \"PostmanRuntime/7.51.0\"","service":"user-service"}
{"level":"info","message":"User authenticated: alex555@example.com (user)","service":"user-service"}
{"level":"error","message":"Update error token is not defined","service":"user-service","stack":"ReferenceError: token is not defined\n    at updateDataController (file:///home/alexr/Desktop/coding-projects/jade-intimo/backend/src/controllers/auth.controller.js:92:41)\n    at Layer.handleRequest (/home/alexr/Desktop/coding-projects/jade-intimo/backend/node_modules/router/lib/layer.js:152:17)\n    at next (/home/alexr/Desktop/coding-projects/jade-intimo/backend/node_modules/router/lib/route.js:157:13)\n    at authenticateToken (file:///home/alexr/Desktop/coding-projects/jade-intimo/backend/src/middleware/auth.middleware.js:19:5)\n    at Layer.handleRequest (/home/alexr/Desktop/coding-projects/jade-intimo/backend/node_modules/router/lib/layer.js:152:17)\n    at next (/home/alexr/Desktop/coding-projects/jade-intimo/backend/node_modules/router/lib/route.js:157:13)\n    at Route.dispatch (/home/alexr/Desktop/coding-projects/jade-intimo/backend/node_modules/router/lib/route.js:117:3)\n    at handle (/home/alexr/Desktop/coding-projects/jade-intimo/backend/node_modules/router/index.js:435:11)\n    at Layer.handleRequest (/home/alexr/Desktop/coding-projects/jade-intimo/backend/node_modules/router/lib/layer.js:152:17)\n    at /home/alexr/Desktop/coding-projects/jade-intimo/backend/node_modules/router/index.js:295:15"}
{"level":"info","message":"::1 - - [23/Dec/2025:19:43:50 +0000] \"PUT /api/auth/updateData HTTP/1.1\" 500 33 \"-\" \"PostmanRuntime/7.51.0\"","service":"user-service"}
{"level":"info","message":"User authenticated: alex555@example.com (user)","service":"user-service"}
{"level":"info","message":"::1 - - [23/Dec/2025:19:46:33 +0000] \"PUT /api/auth/updateData HTTP/1.1\" 200 191 \"-\" \"PostmanRuntime/7.51.0\"","service":"user-service"}
{"level":"info","message":"user logged in:","service":"user-service"}
{"level":"info","message":"::1 - - [25/Dec/2025:16:09:15 +0000] \"POST /api/auth/login HTTP/1.1\" 200 148 \"-\" \"PostmanRuntime/7.51.0\"","service":"user-service"}
{"level":"info","message":"User authenticated: alex555@example.com (user)","service":"user-service"}
{"level":"error","message":"address create error user_id is not defined","service":"user-service","stack":"ReferenceError: user_id is not defined\n    at addAddressController (file:///home/alexr/Desktop/coding-projects/jade-intimo/backend/src/controllers/auth.controller.js:173:12)\n    at Layer.handleRequest (/home/alexr/Desktop/coding-projects/jade-intimo/backend/node_modules/router/lib/layer.js:152:17)\n    at next (/home/alexr/Desktop/coding-projects/jade-intimo/backend/node_modules/router/lib/route.js:157:13)\n    at authenticateToken (file:///home/alexr/Desktop/coding-projects/jade-intimo/backend/src/middleware/auth.middleware.js:19:5)\n    at Layer.handleRequest (/home/alexr/Desktop/coding-projects/jade-intimo/backend/node_modules/router/lib/layer.js:152:17)\n    at next (/home/alexr/Desktop/coding-projects/jade-intimo/backend/node_modules/router/lib/route.js:157:13)\n    at Route.dispatch (/home/alexr/Desktop/coding-projects/jade-intimo/backend/node_modules/router/lib/route.js:117:3)\n    at handle (/home/alexr/Desktop/coding-projects/jade-intimo/backend/node_modules/router/index.js:435:11)\n    at Layer.handleRequest (/home/alexr/Desktop/coding-projects/jade-intimo/backend/node_modules/router/lib/layer.js:152:17)\n    at /home/alexr/Desktop/coding-projects/jade-intimo/backend/node_modules/router/index.js:295:15"}
{"level":"info","message":"::1 - - [25/Dec/2025:16:10:46 +0000] \"POST /api/auth/addAddress HTTP/1.1\" 500 33 \"-\" \"PostmanRuntime/7.51.0\"","service":"user-service"}
{"level":"info","message":"User authenticated: alex555@example.com (user)","service":"user-service"}
{"level":"error","message":"address create error user_id is not defined","service":"user-service","stack":"ReferenceError: user_id is not defined\n    at addAddressController (file:///home/alexr/Desktop/coding-projects/jade-intimo/backend/src/controllers/auth.controller.js:173:12)\n    at Layer.handleRequest (/home/alexr/Desktop/coding-projects/jade-intimo/backend/node_modules/router/lib/layer.js:152:17)\n    at next (/home/alexr/Desktop/coding-projects/jade-intimo/backend/node_modules/router/lib/route.js:157:13)\n    at authenticateToken (file:///home/alexr/Desktop/coding-projects/jade-intimo/backend/src/middleware/auth.middleware.js:19:5)\n    at Layer.handleRequest (/home/alexr/Desktop/coding-projects/jade-intimo/backend/node_modules/router/lib/layer.js:152:17)\n    at next (/home/alexr/Desktop/coding-projects/jade-intimo/backend/node_modules/router/lib/route.js:157:13)\n    at Route.dispatch (/home/alexr/Desktop/coding-projects/jade-intimo/backend/node_modules/router/lib/route.js:117:3)\n    at handle (/home/alexr/Desktop/coding-projects/jade-intimo/backend/node_modules/router/index.js:435:11)\n    at Layer.handleRequest (/home/alexr/Desktop/coding-projects/jade-intimo/backend/node_modules/router/lib/layer.js:152:17)\n    at /home/alexr/Desktop/coding-projects/jade-intimo/backend/node_modules/router/index.js:295:15"}
{"level":"info","message":"::1 - - [25/Dec/2025:16:11:50 +0000] \"POST /api/auth/addAddress HTTP/1.1\" 500 33 \"-\" \"PostmanRuntime/7.51.0\"","service":"user-service"}
{"level":"info","message":"user logged in:","service":"user-service"}
{"level":"info","message":"::1 - - [25/Dec/2025:16:11:56 +0000] \"POST /api/auth/login HTTP/1.1\" 200 148 \"-\" \"PostmanRuntime/7.51.0\"","service":"user-service"}
{"level":"info","message":"User authenticated: alex555@example.com (user)","service":"user-service"}
{"level":"error","message":"address create error user_id is not defined","service":"user-service","stack":"ReferenceError: user_id is not defined\n    at addAddressController (file:///home/alexr/Desktop/coding-projects/jade-intimo/backend/src/controllers/auth.controller.js:173:12)\n    at Layer.handleRequest (/home/alexr/Desktop/coding-projects/jade-intimo/backend/node_modules/router/lib/layer.js:152:17)\n    at next (/home/alexr/Desktop/coding-projects/jade-intimo/backend/node_modules/router/lib/route.js:157:13)\n    at authenticateToken (file:///home/alexr/Desktop/coding-projects/jade-intimo/backend/src/middleware/auth.middleware.js:19:5)\n    at Layer.handleRequest (/home/alexr/Desktop/coding-projects/jade-intimo/backend/node_modules/router/lib/layer.js:152:17)\n    at next (/home/alexr/Desktop/coding-projects/jade-intimo/backend/node_modules/router/lib/route.js:157:13)\n    at Route.dispatch (/home/alexr/Desktop/coding-projects/jade-intimo/backend/node_modules/router/lib/route.js:117:3)\n    at handle (/home/alexr/Desktop/coding-projects/jade-intimo/backend/node_modules/router/index.js:435:11)\n    at Layer.handleRequest (/home/alexr/Desktop/coding-projects/jade-intimo/backend/node_modules/router/lib/layer.js:152:17)\n    at /home/alexr/Desktop/coding-projects/jade-intimo/backend/node_modules/router/index.js:295:15"}
{"level":"info","message":"::1 - - [25/Dec/2025:16:11:59 +0000] \"POST /api/auth/addAddress HTTP/1.1\" 500 33 \"-\" \"PostmanRuntime/7.51.0\"","service":"user-service"}
{"level":"info","message":"user logged in:","service":"user-service"}
{"level":"info","message":"::1 - - [25/Dec/2025:16:13:37 +0000] \"POST /api/auth/login HTTP/1.1\" 200 148 \"-\" \"PostmanRuntime/7.51.0\"","service":"user-service"}
{"level":"info","message":"User authenticated: alex555@example.com (user)","service":"user-service"}
{"level":"error","message":"address create error user_id is not defined","service":"user-service","stack":"ReferenceError: user_id is not defined\n    at addAddressController (file:///home/alexr/Desktop/coding-projects/jade-intimo/backend/src/controllers/auth.controller.js:173:12)\n    at Layer.handleRequest (/home/alexr/Desktop/coding-projects/jade-intimo/backend/node_modules/router/lib/layer.js:152:17)\n    at next (/home/alexr/Desktop/coding-projects/jade-intimo/backend/node_modules/router/lib/route.js:157:13)\n    at authenticateToken (file:///home/alexr/Desktop/coding-projects/jade-intimo/backend/src/middleware/auth.middleware.js:19:5)\n    at Layer.handleRequest (/home/alexr/Desktop/coding-projects/jade-intimo/backend/node_modules/router/lib/layer.js:152:17)\n    at next (/home/alexr/Desktop/coding-projects/jade-intimo/backend/node_modules/router/lib/route.js:157:13)\n    at Route.dispatch (/home/alexr/Desktop/coding-projects/jade-intimo/backend/node_modules/router/lib/route.js:117:3)\n    at handle (/home/alexr/Desktop/coding-projects/jade-intimo/backend/node_modules/router/index.js:435:11)\n    at Layer.handleRequest (/home/alexr/Desktop/coding-projects/jade-intimo/backend/node_modules/router/lib/layer.js:152:17)\n    at /home/alexr/Desktop/coding-projects/jade-intimo/backend/node_modules/router/index.js:295:15"}
{"level":"info","message":"::1 - - [25/Dec/2025:16:13:39 +0000] \"POST /api/auth/addAddress HTTP/1.1\" 500 33 \"-\" \"PostmanRuntime/7.51.0\"","service":"user-service"}
{"level":"info","message":"User authenticated: alex555@example.com (user)","service":"user-service"}
{"level":"error","message":"error creating the address newAdress is not defined","service":"user-service","stack":"ReferenceError: newAdress is not defined\n    at createAdress (file:///home/alexr/Desktop/coding-projects/jade-intimo/backend/src/services/auth.service.js:149:28)\n    at process.processTicksAndRejections (node:internal/process/task_queues:103:5)\n    at async addAddressController (file:///home/alexr/Desktop/coding-projects/jade-intimo/backend/src/controllers/auth.controller.js:175:19)"}
{"level":"error","message":"address create error newAdress is not defined","service":"user-service","stack":"ReferenceError: newAdress is not defined\n    at createAdress (file:///home/alexr/Desktop/coding-projects/jade-intimo/backend/src/services/auth.service.js:149:28)\n    at process.processTicksAndRejections (node:internal/process/task_queues:103:5)\n    at async addAddressController (file:///home/alexr/Desktop/coding-projects/jade-intimo/backend/src/controllers/auth.controller.js:175:19)"}
{"level":"info","message":"::1 - - [25/Dec/2025:16:16:16 +0000] \"POST /api/auth/addAddress HTTP/1.1\" 500 33 \"-\" \"PostmanRuntime/7.51.0\"","service":"user-service"}
{"level":"info","message":"user logged in:","service":"user-service"}
{"level":"info","message":"::1 - - [25/Dec/2025:16:16:38 +0000] \"POST /api/auth/login HTTP/1.1\" 200 148 \"-\" \"PostmanRuntime/7.51.0\"","service":"user-service"}
{"level":"info","message":"User authenticated: alex555@example.com (user)","service":"user-service"}
{"level":"error","message":"error creating the address User already registered an address","service":"user-service","stack":"Error: User already registered an address\n    at createAdress (file:///home/alexr/Desktop/coding-projects/jade-intimo/backend/src/services/auth.service.js:127:13)\n    at process.processTicksAndRejections (node:internal/process/task_queues:103:5)\n    at async addAddressController (file:///home/alexr/Desktop/coding-projects/jade-intimo/backend/src/controllers/auth.controller.js:175:19)"}
{"level":"error","message":"address create error User already registered an address","service":"user-service","stack":"Error: User already registered an address\n    at createAdress (file:///home/alexr/Desktop/coding-projects/jade-intimo/backend/src/services/auth.service.js:127:13)\n    at process.processTicksAndRejections (node:internal/process/task_queues:103:5)\n    at async addAddressController (file:///home/alexr/Desktop/coding-projects/jade-intimo/backend/src/controllers/auth.controller.js:175:19)"}
{"level":"info","message":"::1 - - [25/Dec/2025:16:16:41 +0000] \"POST /api/auth/addAddress HTTP/1.1\" 500 33 \"-\" \"PostmanRuntime/7.51.0\"","service":"user-service"}
{"level":"info","message":"User authenticated: alex555@example.com (user)","service":"user-service"}
{"level":"info","message":"::1 - - [25/Dec/2025:16:18:37 +0000] \"PUT /api/auth/updateAddress HTTP/1.1\" 200 157 \"-\" \"PostmanRuntime/7.51.0\"","service":"user-service"}
{"level":"info","message":"User authenticated: alex555@example.com (user)","service":"user-service"}
{"level":"info","message":"::1 - - [25/Dec/2025:16:18:42 +0000] \"PUT /api/auth/updateAddress HTTP/1.1\" 200 166 \"-\" \"PostmanRuntime/7.51.0\"","service":"user-service"}
{"level":"info","message":"::1 - - [25/Dec/2025:16:19:31 +0000] \"PUT /api/auth/me HTTP/1.1\" 404 27 \"-\" \"PostmanRuntime/7.51.0\"","service":"user-service"}
{"level":"info","message":"User authenticated: alex555@example.com (user)","service":"user-service"}
{"level":"info","message":"::1 - - [25/Dec/2025:16:20:04 +0000] \"GET /api/auth/me HTTP/1.1\" 200 175 \"-\" \"PostmanRuntime/7.51.0\"","service":"user-service"}
{"level":"info","message":"user lex11amr110506@gmail.com created successfully","service":"user-service"}
{"level":"info","message":"user registered successfully:","service":"user-service"}
{"level":"info","message":"::1 - - [27/Dec/2025:12:26:43 +0000] \"POST /api/auth/signup HTTP/1.1\" 201 160 \"-\" \"PostmanRuntime/7.51.0\"","service":"user-service"}
{"level":"info","message":"User authenticated: lex11amr110506@gmail.com (admin)","service":"user-service"}
{"level":"error","message":"error creating the address newAdress is not defined","service":"user-service","stack":"ReferenceError: newAdress is not defined\n    at createAdress (file:///home/alexr/Desktop/coding-projects/jade-intimo/backend/src/services/auth.service.js:149:28)\n    at process.processTicksAndRejections (node:internal/process/task_queues:103:5)\n    at async addAddressController (file:///home/alexr/Desktop/coding-projects/jade-intimo/backend/src/controllers/auth.controller.js:175:19)"}
{"level":"error","message":"address create error newAdress is not defined","service":"user-service","stack":"ReferenceError: newAdress is not defined\n    at createAdress (file:///home/alexr/Desktop/coding-projects/jade-intimo/backend/src/services/auth.service.js:149:28)\n    at process.processTicksAndRejections (node:internal/process/task_queues:103:5)\n    at async addAddressController (file:///home/alexr/Desktop/coding-projects/jade-intimo/backend/src/controllers/auth.controller.js:175:19)"}
{"level":"info","message":"::1 - - [27/Dec/2025:12:27:24 +0000] \"POST /api/auth/addAddress HTTP/1.1\" 500 33 \"-\" \"PostmanRuntime/7.51.0\"","service":"user-service"}
{"level":"info","message":"::1 - - [27/Dec/2025:12:27:50 +0000] \"POST /api/auth/login HTTP/1.1\" 401 31 \"-\" \"PostmanRuntime/7.51.0\"","service":"user-service"}
{"level":"info","message":"user logged in:","service":"user-service"}
{"level":"info","message":"::1 - - [27/Dec/2025:12:28:13 +0000] \"POST /api/auth/login HTTP/1.1\" 200 155 \"-\" \"PostmanRuntime/7.51.0\"","service":"user-service"}
{"level":"info","message":"User authenticated: alex11amr110506@gmail.com (admin)","service":"user-service"}
{"level":"error","message":"error creating the address User already registered an address","service":"user-service","stack":"Error: User already registered an address\n    at createAdress (file:///home/alexr/Desktop/coding-projects/jade-intimo/backend/src/services/auth.service.js:127:13)\n    at process.processTicksAndRejections (node:internal/process/task_queues:103:5)\n    at async addAddressController (file:///home/alexr/Desktop/coding-projects/jade-intimo/backend/src/controllers/auth.controller.js:175:19)"}
{"level":"error","message":"address create error User already registered an address","service":"user-service","stack":"Error: User already registered an address\n    at createAdress (file:///home/alexr/Desktop/coding-projects/jade-intimo/backend/src/services/auth.service.js:127:13)\n    at process.processTicksAndRejections (node:internal/process/task_queues:103:5)\n    at async addAddressController (file:///home/alexr/Desktop/coding-projects/jade-intimo/backend/src/controllers/auth.controller.js:175:19)"}
{"level":"info","message":"::1 - - [27/Dec/2025:12:28:23 +0000] \"POST /api/auth/addAddress HTTP/1.1\" 500 33 \"-\" \"PostmanRuntime/7.51.0\"","service":"user-service"}
{"level":"info","message":"User authenticated: alex11amr110506@gmail.com (admin)","service":"user-service"}
{"level":"info","message":"::1 - - [27/Dec/2025:12:29:13 +0000] \"PUT /api/auth/updateAddress HTTP/1.1\" 200 177 \"-\" \"PostmanRuntime/7.51.0\"","service":"user-service"}
{"level":"info","message":"User authenticated: alex11amr110506@gmail.com (admin)","service":"user-service"}
{"level":"info","message":"::1 - - [27/Dec/2025:12:29:30 +0000] \"GET /api/auth/me HTTP/1.1\" 200 182 \"-\" \"PostmanRuntime/7.51.0\"","service":"user-service"}
{"cause":{"code":"42601","file":"scan.l","line":"1244","name":"NeonDbError","position":"171","routine":"scanner_yyerror","severity":"ERROR"},"level":"error","message":"Error fetching products: Failed query: select \"id\", \"gender\", \"category\", \"subcategory\", \"name\", \"image\", \"description\", \"material\", \"price\", \"big_sizes\", \"sold_pieces\", \"created_at\" from \"products\" order by  desc limit $1\nparams: 10","params":[10],"query":"select \"id\", \"gender\", \"category\", \"subcategory\", \"name\", \"image\", \"description\", \"material\", \"price\", \"big_sizes\", \"sold_pieces\", \"created_at\" from \"products\" order by  desc limit $1","service":"user-service","stack":"Error: Failed query: select \"id\", \"gender\", \"category\", \"subcategory\", \"name\", \"image\", \"description\", \"material\", \"price\", \"big_sizes\", \"sold_pieces\", \"created_at\" from \"products\" order by  desc limit $1\nparams: 10\n    at NeonHttpPreparedQuery.queryWithCache (file:///home/alexr/Desktop/coding-projects/jade-intimo/backend/node_modules/drizzle-orm/pg-core/session.js:41:15)\n    at process.processTicksAndRejections (node:internal/process/task_queues:103:5)\n    at async NeonHttpPreparedQuery.execute (file:///home/alexr/Desktop/coding-projects/jade-intimo/backend/node_modules/drizzle-orm/neon-http/session.js:45:20)\n    at async retrieveAllProducts (file:///home/alexr/Desktop/coding-projects/jade-intimo/backend/src/services/products.service.js:42:22)\n    at async getProducts (file:///home/alexr/Desktop/coding-projects/jade-intimo/backend/src/controllers/products.controller.js:16:22)"}
{"level":"error","message":"Error in getting products: Could not retrieve products from the database","service":"user-service","stack":"Error: Could not retrieve products from the database\n    at retrieveAllProducts (file:///home/alexr/Desktop/coding-projects/jade-intimo/backend/src/services/products.service.js:70:15)\n    at process.processTicksAndRejections (node:internal/process/task_queues:103:5)\n    at async getProducts (file:///home/alexr/Desktop/coding-projects/jade-intimo/backend/src/controllers/products.controller.js:16:22)"}
{"level":"info","message":"::1 - - [27/Dec/2025:12:30:24 +0000] \"GET /api/products/ HTTP/1.1\" 500 91 \"-\" \"PostmanRuntime/7.51.0\"","service":"user-service"}
{"level":"info","message":"::1 - - [27/Dec/2025:12:33:13 +0000] \"POST /api/products/admin HTTP/1.1\" 401 70 \"-\" \"PostmanRuntime/7.51.0\"","service":"user-service"}
{"level":"info","message":"user logged in:","service":"user-service"}
{"level":"info","message":"::1 - - [27/Dec/2025:12:33:22 +0000] \"POST /api/auth/login HTTP/1.1\" 200 155 \"-\" \"PostmanRuntime/7.51.0\"","service":"user-service"}
{"level":"info","message":"::1 - - [27/Dec/2025:12:33:26 +0000] \"POST /api/products/admin HTTP/1.1\" 401 70 \"-\" \"PostmanRuntime/7.51.0\"","service":"user-service"}
{"level":"info","message":"User authenticated: alex11amr110506@gmail.com (admin)","service":"user-service"}
{"cause":{"code":"42P01","file":"parse_relation.c","line":"1449","name":"NeonDbError","position":"13","routine":"parserOpenTable","severity":"ERROR"},"level":"error","message":"Error creating product: Failed query: insert into \"products\" (\"id\", \"gender\", \"category\", \"subcategory\", \"name\", \"image\", \"description\", \"material\", \"price\", \"big_sizes\", \"sold_pieces\", \"created_at\") values (default, $1, $2, $3, $4, $5, $6, $7, $8, $9, default, default) returning \"id\", \"gender\", \"category\", \"subcategory\", \"name\", \"image\", \"description\", \"material\", \"price\", \"big_sizes\", \"sold_pieces\", \"created_at\"\nparams: women,sutiene,push-up,Sutien Dantelă Elegance,,Un sutien rafinat din dantelă florală, oferind suport optim și un aspect elegant. Ideal pentru purtare zilnică sau ocazii speciale.,80% Poliamidă, 20% Elastan,12900,false","params":["women","sutiene","push-up","Sutien Dantelă Elegance",null,"Un sutien rafinat din dantelă florală, oferind suport optim și un aspect elegant. Ideal pentru purtare zilnică sau ocazii speciale.","80% Poliamidă, 20% Elastan",12900,false],"query":"insert into \"products\" (\"id\", \"gender\", \"category\", \"subcategory\", \"name\", \"image\", \"description\", \"material\", \"price\", \"big_sizes\", \"sold_pieces\", \"created_at\") values (default, $1, $2, $3, $4, $5, $6, $7, $8, $9, default, default) returning \"id\", \"gender\", \"category\", \"subcategory\", \"name\", \"image\", \"description\", \"material\", \"price\", \"big_sizes\", \"sold_pieces\", \"created_at\"","service":"user-service","stack":"Error: Failed query: insert into \"products\" (\"id\", \"gender\", \"category\", \"subcategory\", \"name\", \"image\", \"description\", \"material\", \"price\", \"big_sizes\", \"sold_pieces\", \"created_at\") values (default, $1, $2, $3, $4, $5, $6, $7, $8, $9, default, default) returning \"id\", \"gender\", \"category\", \"subcategory\", \"name\", \"image\", \"description\", \"material\", \"price\", \"big_sizes\", \"sold_pieces\", \"created_at\"\nparams: women,sutiene,push-up,Sutien Dantelă Elegance,,Un sutien rafinat din dantelă florală, oferind suport optim și un aspect elegant. Ideal pentru purtare zilnică sau ocazii speciale.,80% Poliamidă, 20% Elastan,12900,false\n    at NeonHttpPreparedQuery.queryWithCache (file:///home/alexr/Desktop/coding-projects/jade-intimo/backend/node_modules/drizzle-orm/pg-core/session.js:41:15)\n    at process.processTicksAndRejections (node:internal/process/task_queues:103:5)\n    at async NeonHttpPreparedQuery.execute (file:///home/alexr/Desktop/coding-projects/jade-intimo/backend/node_modules/drizzle-orm/neon-http/session.js:45:20)\n    at async insertProduct (file:///home/alexr/Desktop/coding-projects/jade-intimo/backend/src/services/products.service.js:142:27)\n    at async createProductAdmin (file:///home/alexr/Desktop/coding-projects/jade-intimo/backend/src/controllers/products.controller.js:132:25)"}
{"level":"error","message":"Error creating product: Could not create product","service":"user-service","stack":"Error: Could not create product\n    at insertProduct (file:///home/alexr/Desktop/coding-projects/jade-intimo/backend/src/services/products.service.js:157:15)\n    at process.processTicksAndRejections (node:internal/process/task_queues:103:5)\n    at async createProductAdmin (file:///home/alexr/Desktop/coding-projects/jade-intimo/backend/src/controllers/products.controller.js:132:25)"}
{"level":"info","message":"::1 - - [27/Dec/2025:12:34:14 +0000] \"POST /api/products/admin HTTP/1.1\" 500 70 \"-\" \"PostmanRuntime/7.51.0\"","service":"user-service"}
{"level":"info","message":"User authenticated: alex11amr110506@gmail.com (admin)","service":"user-service"}
{"cause":{"code":"42P01","file":"parse_relation.c","line":"1449","name":"NeonDbError","position":"13","routine":"parserOpenTable","severity":"ERROR"},"level":"error","message":"Error creating product: Failed query: insert into \"products\" (\"id\", \"gender\", \"category\", \"subcategory\", \"name\", \"image\", \"description\", \"material\", \"price\", \"big_sizes\", \"sold_pieces\", \"created_at\") values (default, $1, $2, $3, $4, $5, $6, $7, $8, $9, default, default) returning \"id\", \"gender\", \"category\", \"subcategory\", \"name\", \"image\", \"description\", \"material\", \"price\", \"big_sizes\", \"sold_pieces\", \"created_at\"\nparams: women,sutiene,push-up,Sutien Dantelă Elegance,,Un sutien rafinat din dantelă florală, oferind suport optim și un aspect elegant. Ideal pentru purtare zilnică sau ocazii speciale.,80% Poliamidă, 20% Elastan,12900,false","params":["women","sutiene","push-up","Sutien Dantelă Elegance",null,"Un sutien rafinat din dantelă florală, oferind suport optim și un aspect elegant. Ideal pentru purtare zilnică sau ocazii speciale.","80% Poliamidă, 20% Elastan",12900,false],"query":"insert into \"products\" (\"id\", \"gender\", \"category\", \"subcategory\", \"name\", \"image\", \"description\", \"material\", \"price\", \"big_sizes\", \"sold_pieces\", \"created_at\") values (default, $1, $2, $3, $4, $5, $6, $7, $8, $9, default, default) returning \"id\", \"gender\", \"category\", \"subcategory\", \"name\", \"image\", \"description\", \"material\", \"price\", \"big_sizes\", \"sold_pieces\", \"created_at\"","service":"user-service","stack":"Error: Failed query: insert into \"products\" (\"id\", \"gender\", \"category\", \"subcategory\", \"name\", \"image\", \"description\", \"material\", \"price\", \"big_sizes\", \"sold_pieces\", \"created_at\") values (default, $1, $2, $3, $4, $5, $6, $7, $8, $9, default, default) returning \"id\", \"gender\", \"category\", \"subcategory\", \"name\", \"image\", \"description\", \"material\", \"price\", \"big_sizes\", \"sold_pieces\", \"created_at\"\nparams: women,sutiene,push-up,Sutien Dantelă Elegance,,Un sutien rafinat din dantelă florală, oferind suport optim și un aspect elegant. Ideal pentru purtare zilnică sau ocazii speciale.,80% Poliamidă, 20% Elastan,12900,false\n    at NeonHttpPreparedQuery.queryWithCache (file:///home/alexr/Desktop/coding-projects/jade-intimo/backend/node_modules/drizzle-orm/pg-core/session.js:41:15)\n    at process.processTicksAndRejections (node:internal/process/task_queues:103:5)\n    at async NeonHttpPreparedQuery.execute (file:///home/alexr/Desktop/coding-projects/jade-intimo/backend/node_modules/drizzle-orm/neon-http/session.js:45:20)\n    at async insertProduct (file:///home/alexr/Desktop/coding-projects/jade-intimo/backend/src/services/products.service.js:142:27)\n    at async createProductAdmin (file:///home/alexr/Desktop/coding-projects/jade-intimo/backend/src/controllers/products.controller.js:140:25)"}
{"level":"error","message":"Error creating product: Could not create product","service":"user-service","stack":"Error: Could not create product\n    at insertProduct (file:///home/alexr/Desktop/coding-projects/jade-intimo/backend/src/services/products.service.js:157:15)\n    at process.processTicksAndRejections (node:internal/process/task_queues:103:5)\n    at async createProductAdmin (file:///home/alexr/Desktop/coding-projects/jade-intimo/backend/src/controllers/products.controller.js:140:25)"}
{"level":"info","message":"::1 - - [27/Dec/2025:12:39:20 +0000] \"POST /api/products/admin HTTP/1.1\" 500 70 \"-\" \"PostmanRuntime/7.51.0\"","service":"user-service"}
{"level":"info","message":"User authenticated: alex11amr110506@gmail.com (admin)","service":"user-service"}
{"level":"info","message":"Product with id 1 created successfully","service":"user-service"}
{"level":"info","message":"::1 - - [27/Dec/2025:12:40:51 +0000] \"POST /api/products/admin HTTP/1.1\" 201 449 \"-\" \"PostmanRuntime/7.51.0\"","service":"user-service"}
{"level":"info","message":"product with id undefined retrieved successfully","service":"user-service"}
{"level":"info","message":"::1 - - [27/Dec/2025:12:52:28 +0000] \"GET /api/products/admin HTTP/1.1\" 200 77 \"-\" \"PostmanRuntime/7.51.0\"","service":"user-service"}
{"cause":{"code":"42601","file":"scan.l","line":"1244","name":"NeonDbError","position":"171","routine":"scanner_yyerror","severity":"ERROR"},"level":"error","message":"Error fetching products: Failed query: select \"id\", \"gender\", \"category\", \"subcategory\", \"name\", \"image\", \"description\", \"material\", \"price\", \"big_sizes\", \"sold_pieces\", \"created_at\" from \"products\" order by  desc limit $1\nparams: 10","params":[10],"query":"select \"id\", \"gender\", \"category\", \"subcategory\", \"name\", \"image\", \"description\", \"material\", \"price\", \"big_sizes\", \"sold_pieces\", \"created_at\" from \"products\" order by  desc limit $1","service":"user-service","stack":"Error: Failed query: select \"id\", \"gender\", \"category\", \"subcategory\", \"name\", \"image\", \"description\", \"material\", \"price\", \"big_sizes\", \"sold_pieces\", \"created_at\" from \"products\" order by  desc limit $1\nparams: 10\n    at NeonHttpPreparedQuery.queryWithCache (file:///home/alexr/Desktop/coding-projects/jade-intimo/backend/node_modules/drizzle-orm/pg-core/session.js:41:15)\n    at process.processTicksAndRejections (node:internal/process/task_queues:103:5)\n    at async NeonHttpPreparedQuery.execute (file:///home/alexr/Desktop/coding-projects/jade-intimo/backend/node_modules/drizzle-orm/neon-http/session.js:45:20)\n    at async retrieveAllProducts (file:///home/alexr/Desktop/coding-projects/jade-intimo/backend/src/services/products.service.js:42:22)\n    at async getProducts (file:///home/alexr/Desktop/coding-projects/jade-intimo/backend/src/controllers/products.controller.js:18:22)"}
{"level":"error","message":"Error in getting products: Could not retrieve products from the database","service":"user-service","stack":"Error: Could not retrieve products from the database\n    at retrieveAllProducts (file:///home/alexr/Desktop/coding-projects/jade-intimo/backend/src/services/products.service.js:70:15)\n    at process.processTicksAndRejections (node:internal/process/task_queues:103:5)\n    at async getProducts (file:///home/alexr/Desktop/coding-projects/jade-intimo/backend/src/controllers/products.controller.js:18:22)"}
{"level":"info","message":"::1 - - [27/Dec/2025:12:53:46 +0000] \"GET /api/products/ HTTP/1.1\" 500 91 \"-\" \"PostmanRuntime/7.51.0\"","service":"user-service"}
{"level":"info","message":"Products retrieved successfully - Page: 1","service":"user-service"}
{"level":"info","message":"::1 - - [27/Dec/2025:12:56:38 +0000] \"GET /api/products/ HTTP/1.1\" 200 530 \"-\" \"PostmanRuntime/7.51.0\"","service":"user-service"}
{"level":"info","message":"product with id undefined retrieved successfully","service":"user-service"}
{"level":"info","message":"::1 - - [27/Dec/2025:12:56:59 +0000] \"GET /api/products/admin HTTP/1.1\" 200 77 \"-\" \"PostmanRuntime/7.51.0\"","service":"user-service"}
{"level":"info","message":"::1 - - [27/Dec/2025:12:58:56 +0000] \"GET /api/products/admin HTTP/1.1\" 401 72 \"-\" \"PostmanRuntime/7.51.0\"","service":"user-service"}
{"level":"info","message":"user logged in:","service":"user-service"}
{"level":"info","message":"::1 - - [27/Dec/2025:12:59:01 +0000] \"POST /api/auth/login HTTP/1.1\" 200 155 \"-\" \"PostmanRuntime/7.51.0\"","service":"user-service"}
{"level":"info","message":"User authenticated: alex11amr110506@gmail.com (admin)","service":"user-service"}
{"level":"info","message":"Products for admin retrieved successfully - Page: 1","service":"user-service"}
{"level":"info","message":"::1 - - [27/Dec/2025:12:59:05 +0000] \"GET /api/products/admin HTTP/1.1\" 200 540 \"-\" \"PostmanRuntime/7.51.0\"","service":"user-service"}
{"level":"info","message":"new products retrieved sucessfully","service":"user-service"}
{"level":"info","message":"::1 - - [27/Dec/2025:12:59:56 +0000] \"GET /api/products/new HTTP/1.1\" 200 477 \"-\" \"PostmanRuntime/7.51.0\"","service":"user-service"}
{"level":"info","message":"product with id undefined retrieved successfully","service":"user-service"}
{"level":"info","message":"::1 - - [27/Dec/2025:13:00:35 +0000] \"GET /api/products/1 HTTP/1.1\" 200 77 \"-\" \"PostmanRuntime/7.51.0\"","service":"user-service"}
{"level":"info","message":"product with id 1 retrieved successfully","service":"user-service"}
{"level":"info","message":"::1 - - [27/Dec/2025:13:02:47 +0000] \"GET /api/products/1 HTTP/1.1\" 200 487 \"-\" \"PostmanRuntime/7.51.0\"","service":"user-service"}
{"level":"info","message":"::1 - - [27/Dec/2025:13:17:13 +0000] \"DELETE /api/products/admin/item/1 HTTP/1.1\" 401 72 \"-\" \"PostmanRuntime/7.51.0\"","service":"user-service"}
{"level":"info","message":"user logged in:","service":"user-service"}
{"level":"info","message":"::1 - - [27/Dec/2025:13:17:19 +0000] \"POST /api/auth/login HTTP/1.1\" 200 155 \"-\" \"PostmanRuntime/7.51.0\"","service":"user-service"}
{"level":"info","message":"User authenticated: alex11amr110506@gmail.com (admin)","service":"user-service"}
{"level":"info","message":"Product deleted by admin: Sutien Dantelă Elegance (ID: 1)","service":"user-service"}
{"level":"info","message":"::1 - - [27/Dec/2025:13:17:25 +0000] \"DELETE /api/products/admin/item/1 HTTP/1.1\" 200 460 \"-\" \"PostmanRuntime/7.51.0\"","service":"user-service"}
